<?xml version="1.0" encoding="UTF-8"?>
<testng-results ignored="0" total="1" passed="1" failed="0" skipped="0">
  <reporter-output>
  </reporter-output>
  <suite started-at="2023-01-10T12:53:56 IST" name="Default suite" finished-at="2023-01-10T12:54:58 IST" duration-ms="61475">
    <groups>
    </groups>
    <test started-at="2023-01-10T12:53:56 IST" name="Default test" finished-at="2023-01-10T12:54:58 IST" duration-ms="61475">
      <class name="JAVA_PROGRAM_PRACTICE.Flipkart_Practice">
        <test-method signature="Flipkart()[pri:0, instance:JAVA_PROGRAM_PRACTICE.Flipkart_Practice@7ea9e1e2]" started-at="2023-01-10T12:53:56 IST" name="Flipkart" finished-at="2023-01-10T12:54:57 IST" duration-ms="61428" status="PASS">
          <reporter-output>
          </reporter-output>
        </test-method> <!-- Flipkart -->
      </class> <!-- JAVA_PROGRAM_PRACTICE.Flipkart_Practice -->
    </test> <!-- Default test -->
  </suite> <!-- Default suite -->
</testng-results>
